<?xml version="1.0" encoding="UTF-8" ?>
<testsuite tests="10" failures="0" name="de.cweyermann.sspes.api.SspesAPITest" time="0.494" errors="0" skipped="0">
  <properties>
    <property name="java.runtime.name" value="OpenJDK Runtime Environment"/>
    <property name="java.vm.version" value="11.0.7+10-b765.64"/>
    <property name="sun.boot.library.path" value="C:\Program Files\JetBrains\IntelliJ IDEA 2019.2.1\jbr\bin"/>
    <property name="maven.multiModuleProjectDirectory" value="C:\Users\xbox\git\datev-stuff\sspes\sspes-layer"/>
    <property name="java.vm.vendor" value="JetBrains s.r.o."/>
    <property name="java.vendor.url" value="https://www.jetbrains.com/"/>
    <property name="guice.disable.misplaced.annotation.check" value="true"/>
    <property name="path.separator" value=";"/>
    <property name="java.vm.name" value="OpenJDK 64-Bit Server VM"/>
    <property name="sun.os.patch.level" value=""/>
    <property name="user.script" value=""/>
    <property name="user.country" value="DE"/>
    <property name="sun.java.launcher" value="SUN_STANDARD"/>
    <property name="java.vm.specification.name" value="Java Virtual Machine Specification"/>
    <property name="user.dir" value="C:\Users\xbox\git\datev-stuff\sspes\sspes-layer"/>
    <property name="java.vm.compressedOopsMode" value="Zero based"/>
    <property name="java.runtime.version" value="11.0.7+10-b765.64"/>
    <property name="java.awt.graphicsenv" value="sun.awt.Win32GraphicsEnvironment"/>
    <property name="os.arch" value="amd64"/>
    <property name="java.io.tmpdir" value="C:\Users\xbox\AppData\Local\Temp\"/>
    <property name="line.separator" value="
"/>
    <property name="java.vm.specification.vendor" value="Oracle Corporation"/>
    <property name="user.variant" value=""/>
    <property name="os.name" value="Windows 10"/>
    <property name="maven.ext.class.path" value="C:\Program Files\JetBrains\IntelliJ IDEA 2019.2.1\plugins\maven\lib\maven-event-listener.jar"/>
    <property name="classworlds.conf" value="C:\Program Files\JetBrains\IntelliJ IDEA 2019.2.1\plugins\maven\lib\maven3\bin\m2.conf"/>
    <property name="sun.jnu.encoding" value="Cp1252"/>
    <property name="java.library.path" value="C:\Program Files\JetBrains\IntelliJ IDEA 2019.2.1\jbr\bin;C:\WINDOWS\Sun\Java\bin;C:\WINDOWS\system32;C:\WINDOWS;C:\Python27\;C:\Python27\Scripts;C:\Program Files (x86)\Common Files\Oracle\Java\javapath;C:\Windows\system32;C:\Windows;C:\Windows\System32\Wbem;C:\Windows\System32\WindowsPowerShell\v1.0\;C:\Windows\System32\OpenSSH\;C:\Program Files (x86)\NVIDIA Corporation\PhysX\Common;C:\Program Files\NVIDIA Corporation\NVIDIA NvDLISR;C:\Program Files\Amazon\AWSCLIV2;C:\Program Files\Git2\cmd;C:\Program Files (x86)\maven\bin;C:\Program Files\Java\jdk-12.0.2\bin;C:\Program Files\Amazon\AWSSAMCLI\bin;C:\Go\bin;C:\Program Files\nodejs\;C:\ProgramData\chocolatey\bin;C:\Users\xbox\AppData\Roaming\npm\node_modules\serverless\bin;C:\WINDOWS\system32;C:\WINDOWS;C:\WINDOWS\System32\Wbem;C:\WINDOWS\System32\WindowsPowerShell\v1.0\;C:\WINDOWS\System32\OpenSSH\;C:\Program Files\Amazon\AWSCLIV2\;C:\Program Files\Amazon\AWSSAMCLI\bin\;C:\Program Files\Docker\Docker\resources\bin;C:\ProgramData\DockerDesktop\version-bin;C:\Users\xbox\flutter\bin;C:\Users\xbox\bin;C:\Program Files\Git2\mingw64\bin;C:\Program Files\Git2\usr\local\bin;C:\Program Files\Git2\usr\bin;C:\Program Files\Git2\cmd;C:\Program Files (x86)\ConEmu\ConEmu\Scripts;C:\Program Files (x86)\ConEmu;C:\Program Files (x86)\ConEmu\ConEmu;C:\Python27;C:\Python27\Scripts;C:\Program Files (x86)\Common Files\Oracle\Java\javapath;C:\Windows\system32;C:\Windows;C:\Windows\System32\Wbem;C:\Windows\System32\WindowsPowerShell\v1.0;C:\Windows\System32\OpenSSH;C:\Program Files (x86)\NVIDIA Corporation\PhysX\Common;C:\Program Files\NVIDIA Corporation\NVIDIA NvDLISR;C:\Program Files\Amazon\AWSCLIV2;C:\Program Files (x86)\maven\bin;C:\Program Files\Java\jdk-12.0.2\bin;C:\Program Files\Amazon\AWSSAMCLI\bin;C:\Go\bin;C:\Program Files\nodejs;C:\ProgramData\chocolatey\bin;C:\Program Files (x86)\Calibre2;C:\Users\xbox\AppData\Local\Microsoft\WindowsApps;C:\Program Files (x86)\GnuWin32\b;C:\Users\xbox\.mob;C:\Users\xbox\AppData\Roaming\npm\node_modules\serverless\bin;C:\Program Files\7-Zip;C:\Users\xbox\AppData\Local\Microsoft\WindowsApps;C:\Users\xbox\AppData\Roaming\npm\;C:\Program Files\Amazon\AWSSAMCLI\bin;C:\Users\xbox\flutter\bin;;."/>
    <property name="maven.conf" value="C:\Program Files\JetBrains\IntelliJ IDEA 2019.2.1\plugins\maven\lib\maven3/conf"/>
    <property name="jdk.debug" value="release"/>
    <property name="java.class.version" value="55.0"/>
    <property name="java.specification.name" value="Java Platform API Specification"/>
    <property name="sun.management.compiler" value="HotSpot 64-Bit Tiered Compilers"/>
    <property name="os.version" value="10.0"/>
    <property name="user.home" value="C:\Users\xbox"/>
    <property name="user.timezone" value="Europe/Berlin"/>
    <property name="java.awt.printerjob" value="sun.awt.windows.WPrinterJob"/>
    <property name="file.encoding" value="UTF-8"/>
    <property name="java.specification.version" value="11"/>
    <property name="user.name" value="xbox"/>
    <property name="java.class.path" value="C:\Program Files\JetBrains\IntelliJ IDEA 2019.2.1\plugins\maven\lib\maven3\boot\plexus-classworlds-2.6.0.jar;C:\Program Files\JetBrains\IntelliJ IDEA 2019.2.1\plugins\maven\lib\maven3\boot\plexus-classworlds.license"/>
    <property name="java.vm.specification.version" value="11"/>
    <property name="sun.arch.data.model" value="64"/>
    <property name="sun.java.command" value="org.codehaus.classworlds.Launcher -Didea.version2020.1.3 install"/>
    <property name="java.home" value="C:\Program Files\JetBrains\IntelliJ IDEA 2019.2.1\jbr"/>
    <property name="user.language" value="de"/>
    <property name="idea.version2020.1.3" value="true"/>
    <property name="java.specification.vendor" value="Oracle Corporation"/>
    <property name="user.language.format" value="en"/>
    <property name="awt.toolkit" value="sun.awt.windows.WToolkit"/>
    <property name="java.vm.info" value="mixed mode"/>
    <property name="java.version" value="11.0.7"/>
    <property name="java.vendor" value="JetBrains s.r.o."/>
    <property name="maven.home" value="C:\Program Files\JetBrains\IntelliJ IDEA 2019.2.1\plugins\maven\lib\maven3"/>
    <property name="file.separator" value="\"/>
    <property name="java.version.date" value="2020-04-14"/>
    <property name="java.vendor.url.bug" value="https://youtrack.jetbrains.com"/>
    <property name="sun.io.unicode.encoding" value="UnicodeLittle"/>
    <property name="sun.cpu.endian" value="little"/>
    <property name="java.vendor.version" value="JBR-11.0.7.10-765.64-jfx"/>
    <property name="sun.desktop" value="windows"/>
    <property name="sun.cpu.isalist" value="amd64"/>
  </properties>
  <testcase classname="de.cweyermann.sspes.api.SspesAPITest" name="youUnfairAutomaticGoesToOpponent" time="0.375"/>
  <testcase classname="de.cweyermann.sspes.api.SspesAPITest" name="getAllOpponentsMapsToString" time="0.109"/>
  <testcase classname="de.cweyermann.sspes.api.SspesAPITest" name="listofWinsAgainstPapier" time="0.001"/>
  <testcase classname="de.cweyermann.sspes.api.SspesAPITest" name="doesSteinWinAgainstPapier" time="0"/>
  <testcase classname="de.cweyermann.sspes.api.SspesAPITest" name="unrankedWorks" time="0.008"/>
  <testcase classname="de.cweyermann.sspes.api.SspesAPITest" name="playAgainstThrowsExceptionIfChoiceInvalid" time="0"/>
  <testcase classname="de.cweyermann.sspes.api.SspesAPITest" name="doesPapierWinAgainstStein" time="0"/>
  <testcase classname="de.cweyermann.sspes.api.SspesAPITest" name="unfairAutomaticGoesToYou" time="0"/>
  <testcase classname="de.cweyermann.sspes.api.SspesAPITest" name="unrankedAgainstRandomWorks" time="0"/>
  <testcase classname="de.cweyermann.sspes.api.SspesAPITest" name="playAgainstThrowsExceptionIfOpponentInvalid" time="0.001"/>
</testsuite>